2023-06-28 17:42:22,408 [INFO] Activator:177 - 


2023-06-28 17:42:22,416 [INFO] Activator:178 - !SESSION log4j initialized
2023-06-28 17:43:11,844 [ERROR] LogOutputStream:74 - [STDERR_REDIRECT] SLF4J: Failed to load class "org.slf4j.impl.StaticLoggerBinder".
2023-06-28 17:43:11,844 [ERROR] LogOutputStream:74 - [STDERR_REDIRECT] SLF4J: Defaulting to no-operation (NOP) logger implementation
2023-06-28 17:43:11,852 [ERROR] LogOutputStream:74 - [STDERR_REDIRECT] SLF4J: See http://www.slf4j.org/codes.html#StaticLoggerBinder for further details.
2023-06-28 17:44:38,841 [INFO] McuFinderGlobals:44 - Set McuFinder mode to 2 (CubeIDE integrated)
2023-06-28 17:44:41,770 [INFO] ApplicationProperties:181 - Using Application install path: C:\ST\STM32CubeIDE_1.10.1\STM32CubeIDE\plugins\com.st.stm32cube.common.mx_6.6.1.202207061420
2023-06-28 17:44:41,818 [INFO] DbMcusXml:77 - Set database path to: C:\ST\STM32CubeIDE_1.10.1\STM32CubeIDE\plugins\com.st.stm32cube.common.mx_6.6.1.202207061420\\db\/mcu/
2023-06-28 17:44:41,818 [INFO] ApiDb:269 - Set plugin database path to: C:\ST\STM32CubeIDE_1.10.1\STM32CubeIDE\plugins\com.st.stm32cube.common.mx_6.6.1.202207061420\\db\/plugins/boardmanager/
2023-06-28 17:44:41,826 [WARN] ApiDb:254 - Overriding images path with different value:  => C:\ST\STM32CubeIDE_1.10.1\STM32CubeIDE\plugins\com.st.stm32cube.common.mx_6.6.1.202207061420\\db\/plugins/mcufinder/images/
2023-06-28 17:44:41,891 [INFO] ApiDb:249 - Set database path to: C:\Users\SMN\.stmcufinder\plugins\mcufinder//mcu/
2023-06-28 17:44:41,891 [INFO] DbMcusAds:124 - Set database path to: C:\Users\SMN\.stmcufinder\plugins\mcufinder//mcu/
2023-06-28 17:44:41,912 [INFO] CrossReferenceDbSqlite:201 - Set database path to: C:\Users\SMN\.stmcufinder\plugins\mcufinder//mcu/cs/
2023-06-28 17:44:42,307 [INFO] RulesReader:61 - Compatibility file has been processed (282 Rules)
2023-06-28 17:44:42,557 [INFO] DbMcusXml:77 - Set database path to: C:\ST\STM32CubeIDE_1.10.1\STM32CubeIDE\plugins\com.st.stm32cube.common.mx_6.6.1.202207061420\\db\/mcu/
2023-06-28 17:44:42,557 [INFO] ApiDb:269 - Set plugin database path to: C:\ST\STM32CubeIDE_1.10.1\STM32CubeIDE\plugins\com.st.stm32cube.common.mx_6.6.1.202207061420\\db\/plugins/boardmanager/
2023-06-28 17:44:42,557 [INFO] ApiDb:256 - Set plugin images path to: C:\ST\STM32CubeIDE_1.10.1\STM32CubeIDE\plugins\com.st.stm32cube.common.mx_6.6.1.202207061420\\db\/plugins/mcufinder/images/
2023-06-28 17:44:42,557 [WARN] DbFile:40 - Overriding database path with different value: C:\Users\SMN\.stmcufinder\plugins\mcufinder/ => C:\Users\SMN\.stmcufinder\plugins\mcufinder
2023-06-28 17:44:42,557 [INFO] ApiDb:249 - Set database path to: C:\Users\SMN\.stmcufinder\plugins\mcufinder//mcu/
2023-06-28 17:44:42,557 [WARN] DbFile:40 - Overriding database path with different value: C:\Users\SMN\.stmcufinder\plugins\mcufinder/ => C:\Users\SMN\.stmcufinder\plugins\mcufinder
2023-06-28 17:44:42,557 [INFO] DbMcusAds:124 - Set database path to: C:\Users\SMN\.stmcufinder\plugins\mcufinder//mcu/
2023-06-28 17:44:42,557 [WARN] DbFile:40 - Overriding database path with different value: C:\Users\SMN\.stmcufinder\plugins\mcufinder/ => C:\Users\SMN\.stmcufinder\plugins\mcufinder
2023-06-28 17:44:42,565 [WARN] DbFile:40 - Overriding database path with different value: C:\Users\SMN\.stmcufinder\plugins\mcufinder/ => C:\Users\SMN\.stmcufinder\plugins\mcufinder
2023-06-28 17:44:42,565 [INFO] CrossReferenceDbSqlite:201 - Set database path to: C:\Users\SMN\.stmcufinder\plugins\mcufinder//mcu/cs/
2023-06-28 17:44:42,776 [INFO] MainPanel:242 - HeapMemory: 435159040
2023-06-28 17:44:43,014 [INFO] DbMcusXml:77 - Set database path to: C:\ST\STM32CubeIDE_1.10.1\STM32CubeIDE\plugins\com.st.stm32cube.common.mx_6.6.1.202207061420\\db\/mcu/
2023-06-28 17:44:43,014 [INFO] ApiDb:269 - Set plugin database path to: C:\ST\STM32CubeIDE_1.10.1\STM32CubeIDE\plugins\com.st.stm32cube.common.mx_6.6.1.202207061420\\db\/plugins/boardmanager/
2023-06-28 17:44:43,014 [INFO] ApiDb:256 - Set plugin images path to: C:\ST\STM32CubeIDE_1.10.1\STM32CubeIDE\plugins\com.st.stm32cube.common.mx_6.6.1.202207061420\\db\/plugins/mcufinder/images/
2023-06-28 17:44:43,019 [WARN] DbFile:40 - Overriding database path with different value: C:\Users\SMN\.stmcufinder\plugins\mcufinder/ => C:\Users\SMN\.stmcufinder\plugins\mcufinder
2023-06-28 17:44:43,019 [INFO] ApiDb:249 - Set database path to: C:\Users\SMN\.stmcufinder\plugins\mcufinder//mcu/
2023-06-28 17:44:43,019 [WARN] DbFile:40 - Overriding database path with different value: C:\Users\SMN\.stmcufinder\plugins\mcufinder/ => C:\Users\SMN\.stmcufinder\plugins\mcufinder
2023-06-28 17:44:43,019 [INFO] DbMcusAds:124 - Set database path to: C:\Users\SMN\.stmcufinder\plugins\mcufinder//mcu/
2023-06-28 17:44:43,019 [WARN] DbFile:40 - Overriding database path with different value: C:\Users\SMN\.stmcufinder\plugins\mcufinder/ => C:\Users\SMN\.stmcufinder\plugins\mcufinder
2023-06-28 17:44:43,019 [WARN] DbFile:40 - Overriding database path with different value: C:\Users\SMN\.stmcufinder\plugins\mcufinder/ => C:\Users\SMN\.stmcufinder\plugins\mcufinder
2023-06-28 17:44:43,019 [INFO] CrossReferenceDbSqlite:201 - Set database path to: C:\Users\SMN\.stmcufinder\plugins\mcufinder//mcu/cs/
2023-06-28 17:44:43,071 [INFO] ApplicationProperties:181 - Using Application install path: C:\ST\STM32CubeIDE_1.10.1\STM32CubeIDE\plugins\com.st.stm32cube.common.mx_6.6.1.202207061420
2023-06-28 17:44:43,075 [INFO] PluginManage:193 - Search for loadable plugins [exclusion list=, ]
2023-06-28 17:44:43,075 [INFO] PluginManage:307 - Check plugin analytics
2023-06-28 17:44:48,173 [INFO] AnalyticsPlugin:262 - Accepted Software Licenses: STM32CubeMX.6.4.0
2023-06-28 17:44:48,173 [INFO] AnalyticsPlugin:264 - Accepted CMSIS Pack Licenses: 
2023-06-28 17:44:48,173 [INFO] AnalyticsPlugin:266 - Accepted Firmware Licenses: 
2023-06-28 17:44:48,197 [INFO] PluginManage:356 - Loaded plugin analytics (category:tool,tabindex:-1)
2023-06-28 17:44:48,207 [INFO] PluginManage:307 - Check plugin cadmodel
2023-06-28 17:44:48,255 [INFO] CADModel:65 - Init CAD model plugin
2023-06-28 17:44:48,255 [INFO] PluginManage:356 - Loaded plugin cadmodel (category:power,tabindex:5)
2023-06-28 17:44:48,263 [INFO] PluginManage:307 - Check plugin clock
2023-06-28 17:44:48,319 [INFO] PluginManage:356 - Loaded plugin clock (category:base,tabindex:2)
2023-06-28 17:44:48,319 [INFO] PluginManage:307 - Check plugin ddr
2023-06-28 17:44:48,327 [INFO] PluginManage:356 - Loaded plugin ddr (category:tool,tabindex:6)
2023-06-28 17:44:48,327 [INFO] PluginManage:307 - Check plugin filemanager
2023-06-28 17:44:48,684 [INFO] PluginManage:356 - Loaded plugin filemanager (category:base,tabindex:10)
2023-06-28 17:44:48,684 [INFO] PluginManage:307 - Check plugin ipmanager
2023-06-28 17:44:48,716 [INFO] PluginManage:356 - Loaded plugin ipmanager (category:base,tabindex:5)
2023-06-28 17:44:48,716 [INFO] PluginManage:307 - Check plugin lpbam
2023-06-28 17:44:48,764 [INFO] PluginManage:356 - Loaded plugin lpbam (category:base,tabindex:0)
2023-06-28 17:44:48,764 [INFO] PluginManage:307 - Check plugin pinoutandconfiguration
2023-06-28 17:44:48,812 [INFO] PluginManage:356 - Loaded plugin pinoutandconfiguration (category:base,tabindex:1)
2023-06-28 17:44:48,812 [INFO] PluginManage:307 - Check plugin pinoutconfig
2023-06-28 17:44:48,961 [INFO] PluginManage:356 - Loaded plugin pinoutconfig (category:base,tabindex:0)
2023-06-28 17:44:48,961 [INFO] PluginManage:307 - Check plugin power
2023-06-28 17:44:49,000 [INFO] PluginManage:356 - Loaded plugin power (category:power,tabindex:4)
2023-06-28 17:44:49,000 [INFO] PluginManage:307 - Check plugin projectmanager
2023-06-28 17:44:49,040 [INFO] PluginManage:356 - Loaded plugin projectmanager (category:projectmanager,tabindex:3)
2023-06-28 17:44:49,040 [INFO] PluginManage:307 - Check plugin thirdparty
2023-06-28 17:44:49,768 [WARN] IntegrityCheckThread:82 - waiting for thirdparty lock release [integrity check]
2023-06-28 17:44:49,768 [INFO] IntegrityCheckThread:84 - entering critical section [integrity check]
2023-06-28 17:44:49,768 [INFO] PluginManage:356 - Loaded plugin thirdparty (category:base,tabindex:-1)
2023-06-28 17:44:49,778 [INFO] PluginManage:307 - Check plugin tools
2023-06-28 17:44:49,778 [INFO] ThirdPartyUpdaterWithRetryManager:70 - Updater plugin not ready yet. [1/15]
2023-06-28 17:44:49,855 [INFO] PluginManage:356 - Loaded plugin tools (category:base,tabindex:7)
2023-06-28 17:44:49,855 [INFO] PluginManage:307 - Check plugin tutovideos
2023-06-28 17:44:50,363 [INFO] PluginManage:356 - Loaded plugin tutovideos (category:base,tabindex:-1)
2023-06-28 17:44:50,371 [INFO] PluginManage:307 - Check plugin updater
2023-06-28 17:44:50,403 [INFO] PluginManage:356 - Loaded plugin updater (category:base,tabindex:12)
2023-06-28 17:44:50,403 [INFO] PluginManage:280 - PluginManage : Loaded plugins [15]
2023-06-28 17:44:50,995 [INFO] PinOutPanel:1468 - setPackage(No Configuration,No Configuration)
2023-06-28 17:44:51,177 [INFO] CADModel:98 - CPN selected for project level
2023-06-28 17:44:51,241 [INFO] IPUIPlugin:79 - create IPUIPlugin
2023-06-28 17:44:51,241 [INFO] PluginManager:217 - loadIPPluginJar : add adc
2023-06-28 17:44:51,316 [INFO] IPUIPlugin:79 - create IPUIPlugin
2023-06-28 17:44:51,316 [INFO] PluginManager:217 - loadIPPluginJar : add aes
2023-06-28 17:44:51,408 [INFO] IPUIPlugin:79 - create IPUIPlugin
2023-06-28 17:44:51,408 [INFO] PluginManager:217 - loadIPPluginJar : add can
2023-06-28 17:44:51,451 [INFO] IPUIPlugin:79 - create IPUIPlugin
2023-06-28 17:44:51,451 [INFO] PluginManager:217 - loadIPPluginJar : add comp
2023-06-28 17:44:51,517 [INFO] IPUIPlugin:79 - create IPUIPlugin
2023-06-28 17:44:51,517 [INFO] PluginManager:217 - loadIPPluginJar : add cryp
2023-06-28 17:44:51,565 [INFO] IPUIPlugin:79 - create IPUIPlugin
2023-06-28 17:44:51,573 [INFO] PluginManager:217 - loadIPPluginJar : add dfsdm
2023-06-28 17:44:51,593 [INFO] IPUIPlugin:79 - create IPUIPlugin
2023-06-28 17:44:51,593 [INFO] PluginManager:217 - loadIPPluginJar : add dma
2023-06-28 17:44:51,676 [INFO] IPUIPlugin:79 - create IPUIPlugin
2023-06-28 17:44:51,676 [INFO] PluginManager:217 - loadIPPluginJar : add dma3
2023-06-28 17:44:51,711 [INFO] IPUIPlugin:79 - create IPUIPlugin
2023-06-28 17:44:51,711 [INFO] PluginManager:217 - loadIPPluginJar : add fatfs
2023-06-28 17:44:51,801 [INFO] IPUIPlugin:79 - create IPUIPlugin
2023-06-28 17:44:51,801 [INFO] PluginManager:217 - loadIPPluginJar : add fmc
2023-06-28 17:44:51,834 [INFO] IPUIPlugin:79 - create IPUIPlugin
2023-06-28 17:44:51,834 [INFO] PluginManager:217 - loadIPPluginJar : add freertos
2023-06-28 17:44:51,866 [INFO] IPUIPlugin:79 - create IPUIPlugin
2023-06-28 17:44:51,866 [INFO] PluginManager:217 - loadIPPluginJar : add genericplugin
2023-06-28 17:44:52,045 [INFO] IPUIPlugin:79 - create IPUIPlugin
2023-06-28 17:44:52,045 [INFO] PluginManager:217 - loadIPPluginJar : add gfxmmu
2023-06-28 17:44:52,285 [INFO] IPUIPlugin:79 - create IPUIPlugin
2023-06-28 17:44:52,285 [INFO] PluginManager:217 - loadIPPluginJar : add gic
2023-06-28 17:44:52,309 [INFO] IPUIPlugin:79 - create IPUIPlugin
2023-06-28 17:44:52,309 [INFO] PluginManager:217 - loadIPPluginJar : add gpio
2023-06-28 17:44:52,475 [INFO] IPUIPlugin:79 - create IPUIPlugin
2023-06-28 17:44:52,475 [INFO] PluginManager:217 - loadIPPluginJar : add gtzc
2023-06-28 17:44:52,530 [INFO] IPUIPlugin:79 - create IPUIPlugin
2023-06-28 17:44:52,530 [INFO] PluginManager:217 - loadIPPluginJar : add hash
2023-06-28 17:44:52,634 [INFO] IPUIPlugin:79 - create IPUIPlugin
2023-06-28 17:44:52,634 [INFO] PluginManager:217 - loadIPPluginJar : add i2c
2023-06-28 17:44:52,708 [INFO] IPUIPlugin:79 - create IPUIPlugin
2023-06-28 17:44:52,708 [INFO] PluginManager:217 - loadIPPluginJar : add i2s
2023-06-28 17:44:52,783 [INFO] ThirdPartyUpdaterWithRetryManager:70 - Updater plugin not ready yet. [2/15]
2023-06-28 17:44:52,942 [INFO] IPUIPlugin:79 - create IPUIPlugin
2023-06-28 17:44:52,942 [INFO] PluginManager:217 - loadIPPluginJar : add ipddr
2023-06-28 17:44:53,105 [INFO] IPUIPlugin:79 - create IPUIPlugin
2023-06-28 17:44:53,105 [INFO] PluginManager:217 - loadIPPluginJar : add linkedlist
2023-06-28 17:44:53,175 [INFO] IPUIPlugin:79 - create IPUIPlugin
2023-06-28 17:44:53,175 [INFO] PluginManager:217 - loadIPPluginJar : add lorawan
2023-06-28 17:44:53,237 [INFO] IPUIPlugin:79 - create IPUIPlugin
2023-06-28 17:44:53,237 [INFO] PluginManager:217 - loadIPPluginJar : add ltdc
2023-06-28 17:44:53,261 [INFO] IPUIPlugin:79 - create IPUIPlugin
2023-06-28 17:44:53,261 [INFO] PluginManager:217 - loadIPPluginJar : add mdma
2023-06-28 17:44:53,287 [INFO] IPUIPlugin:79 - create IPUIPlugin
2023-06-28 17:44:53,287 [INFO] PluginManager:217 - loadIPPluginJar : add nvic
2023-06-28 17:44:53,353 [INFO] IPUIPlugin:79 - create IPUIPlugin
2023-06-28 17:44:53,353 [INFO] PluginManager:217 - loadIPPluginJar : add opamp
2023-06-28 17:44:53,460 [INFO] IPUIPlugin:79 - create IPUIPlugin
2023-06-28 17:44:53,471 [INFO] PluginManager:217 - loadIPPluginJar : add openamp
2023-06-28 17:44:53,547 [INFO] IPUIPlugin:79 - create IPUIPlugin
2023-06-28 17:44:53,547 [INFO] PluginManager:217 - loadIPPluginJar : add pdm2pcm
2023-06-28 17:44:53,579 [INFO] IPUIPlugin:79 - create IPUIPlugin
2023-06-28 17:44:53,579 [INFO] PluginManager:217 - loadIPPluginJar : add plateformsettings
2023-06-28 17:44:53,619 [INFO] IPUIPlugin:79 - create IPUIPlugin
2023-06-28 17:44:53,619 [INFO] PluginManager:217 - loadIPPluginJar : add quadspi
2023-06-28 17:44:53,643 [INFO] IPUIPlugin:79 - create IPUIPlugin
2023-06-28 17:44:53,643 [INFO] PluginManager:217 - loadIPPluginJar : add resmgrutility
2023-06-28 17:44:53,741 [INFO] IPUIPlugin:79 - create IPUIPlugin
2023-06-28 17:44:53,741 [INFO] PluginManager:217 - loadIPPluginJar : add sai
2023-06-28 17:44:53,808 [INFO] IPUIPlugin:79 - create IPUIPlugin
2023-06-28 17:44:53,808 [INFO] PluginManager:217 - loadIPPluginJar : add spi
2023-06-28 17:44:53,905 [INFO] IPUIPlugin:79 - create IPUIPlugin
2023-06-28 17:44:53,905 [INFO] PluginManager:217 - loadIPPluginJar : add stm32_wpan
2023-06-28 17:44:53,946 [INFO] IPUIPlugin:79 - create IPUIPlugin
2023-06-28 17:44:53,946 [INFO] PluginManager:217 - loadIPPluginJar : add tim
2023-06-28 17:44:54,058 [INFO] IPUIPlugin:79 - create IPUIPlugin
2023-06-28 17:44:54,058 [INFO] PluginManager:217 - loadIPPluginJar : add touchsensing
2023-06-28 17:44:54,098 [INFO] IPUIPlugin:79 - create IPUIPlugin
2023-06-28 17:44:54,098 [INFO] PluginManager:217 - loadIPPluginJar : add tracer_emb
2023-06-28 17:44:54,140 [INFO] IPUIPlugin:79 - create IPUIPlugin
2023-06-28 17:44:54,140 [INFO] PluginManager:217 - loadIPPluginJar : add ts
2023-06-28 17:44:54,175 [INFO] IPUIPlugin:79 - create IPUIPlugin
2023-06-28 17:44:54,184 [INFO] PluginManager:217 - loadIPPluginJar : add tsc
2023-06-28 17:44:54,225 [INFO] IPUIPlugin:79 - create IPUIPlugin
2023-06-28 17:44:54,225 [INFO] PluginManager:217 - loadIPPluginJar : add ucpd
2023-06-28 17:44:54,300 [INFO] IPUIPlugin:79 - create IPUIPlugin
2023-06-28 17:44:54,308 [INFO] PluginManager:217 - loadIPPluginJar : add usart
2023-06-28 17:44:54,383 [INFO] IPUIPlugin:79 - create IPUIPlugin
2023-06-28 17:44:54,383 [INFO] PluginManager:217 - loadIPPluginJar : add usbx
2023-06-28 17:44:54,918 [FATAL] Updater:301 - Updater called before beeing initialized
2023-06-28 17:44:55,235 [FATAL] Updater:301 - Updater called before beeing initialized
2023-06-28 17:44:55,259 [INFO] DbMcusAds:52 - JSON generation date=Tue Mar 07 09:50:55 CET 2023 (1678179055335)
2023-06-28 17:44:55,259 [FATAL] Updater:301 - Updater called before beeing initialized
2023-06-28 17:44:55,417 [WARN] DetailPanel:344 - Failed to get advertising image, set to default
2023-06-28 17:44:55,742 [FATAL] Updater:301 - Updater called before beeing initialized
2023-06-28 17:44:55,743 [FATAL] Updater:301 - Updater called before beeing initialized
2023-06-28 17:44:55,743 [FATAL] Updater:301 - Updater called before beeing initialized
2023-06-28 17:44:55,743 [WARN] DetailPanel:344 - Failed to get advertising image, set to default
2023-06-28 17:44:55,750 [FATAL] Updater:301 - Updater called before beeing initialized
2023-06-28 17:44:55,785 [INFO] ThirdPartyUpdaterWithRetryManager:70 - Updater plugin not ready yet. [3/15]
2023-06-28 17:44:55,892 [ERROR] Updater:1105 - MainUpdater not yet initialized. External WinMGr cannot be set.
2023-06-28 17:44:55,917 [INFO] Updater:1041 - Updater Version found : 6.6.1
2023-06-28 17:44:55,962 [INFO] ApplicationProperties:181 - Using Application install path: C:\ST\STM32CubeIDE_1.10.1\STM32CubeIDE\plugins\com.st.stm32cube.common.mx_6.6.1.202207061420
2023-06-28 17:44:56,483 [INFO] MainUpdater:2768 - connection check result : 10
2023-06-28 17:44:56,483 [INFO] MainUpdater:3453 - Updater definition file requires update
2023-06-28 17:44:56,491 [INFO] MainUpdater:280 - Updater Check For Update Now.
2023-06-28 17:44:56,491 [INFO] MicroXplorer:481 - Change Database Version : DB.6.0.60
2023-06-28 17:44:56,670 [INFO] ServerAccessManage:474 - Download File updaters.zip
2023-06-28 17:44:58,149 [INFO] FileExtend:239 - Unzip File : updaters.zip
2023-06-28 17:44:58,149 [INFO] FileExtend:254 - Standard Zip Deflate
2023-06-28 17:44:58,817 [WARN] MainUpdater:1184 - Updater busy. Cannot search thirdparties
2023-06-28 17:44:58,817 [INFO] ThirdPartyUpdaterWithRetryManager:96 - Updater plugin is busy. [1/15]
2023-06-28 17:44:59,145 [INFO] ServerAccessManage:474 - Download File PacksControlFlags.xml
2023-06-28 17:44:59,441 [INFO] ServerAccessManage:474 - Download File cubemx.pidx
2023-06-28 17:45:01,107 [INFO] ServerAccessManage:474 - Download File STMicroelectronics.FP-SNS-MOTENV1.pdsc
2023-06-28 17:45:01,845 [WARN] MainUpdater:1184 - Updater busy. Cannot search thirdparties
2023-06-28 17:45:01,845 [INFO] ThirdPartyUpdaterWithRetryManager:96 - Updater plugin is busy. [2/15]
2023-06-28 17:45:03,318 [INFO] ServerAccessManage:474 - Download File STMicroelectronics.X-CUBE-TOUCHGFX.pdsc
2023-06-28 17:45:04,853 [WARN] MainUpdater:1184 - Updater busy. Cannot search thirdparties
2023-06-28 17:45:04,853 [INFO] ThirdPartyUpdaterWithRetryManager:96 - Updater plugin is busy. [3/15]
2023-06-28 17:45:05,048 [WARN] PackLoader:242 - Cannot read IP mode file for STMicroelectronics.FP-SNS-MOTENV1.4.3.2
2023-06-28 17:45:05,080 [WARN] PackLoader:242 - Cannot read IP mode file for STMicroelectronics.X-CUBE-TOUCHGFX.4.22.0
2023-06-28 17:45:05,082 [INFO] PopulateThirdPartyThread:64 - Ending populate Thread
2023-06-28 17:45:05,086 [INFO] ThirdParty:981 - CMSIS Pack Vendor :STMicroelectronics FP-SNS-MOTENV1 4.3.2
2023-06-28 17:45:05,086 [INFO] ThirdParty:981 - CMSIS Pack Vendor :STMicroelectronics X-CUBE-TOUCHGFX 4.22.0
2023-06-28 17:45:05,086 [INFO] LoadServerUpdatesThread:367 - End of LoadServerUpdate Thread
2023-06-28 17:45:05,258 [INFO] CheckServerUpdateThread:119 - End of CheckServer Thread
2023-06-28 17:45:05,455 [INFO] MainUpdater:2768 - connection check result : 10
2023-06-28 17:45:05,463 [INFO] MainUpdater:2768 - connection check result : 10
2023-06-28 17:45:05,808 [INFO] MicroXplorer:451 - Change Database Path : 
2023-06-28 17:45:05,808 [INFO] MicroXplorer:481 - Change Database Version : DB.6.0.60
2023-06-28 17:45:05,808 [WARN] ThirdParty:827 - waiting for thirdparty lock release [close project]
2023-06-28 17:45:08,372 [WARN] PackLoader:242 - Cannot read IP mode file for STMicroelectronics.X-CUBE-SMBUS.2.1.0
2023-06-28 17:45:08,500 [WARN] PackLoader:242 - Cannot read IP mode file for STMicroelectronics.X-CUBE-AZRTOS-F7.1.1.0
2023-06-28 17:45:08,524 [WARN] PackLoader:242 - Cannot read IP mode file for STMicroelectronics.FP-SNS-MOTENV1.4.3.2
2023-06-28 17:45:08,572 [ERROR] RealEvaluatedCondition:433 - Found unsupported composite condition: GROUP='STM32_MetaDataManager' CLASS='Data Exchange'
2023-06-28 17:45:08,572 [ERROR] RealEvaluatedCondition:433 - Found unsupported composite condition: CLASS='Data Exchange' GROUP='STM32_MetaDataManager'
2023-06-28 17:45:08,572 [WARN] PackLoader:242 - Cannot read IP mode file for STMicroelectronics.FP-SNS-MOTENV1.4.3.1
2023-06-28 17:45:08,596 [WARN] PackLoader:242 - Cannot read IP mode file for STMicroelectronics.FP-SNS-FLIGHT1.5.0.1
2023-06-28 17:45:08,636 [WARN] PackLoader:242 - Cannot read IP mode file for STMicroelectronics.X-CUBE-BLE1.6.2.3
2023-06-28 17:45:08,676 [WARN] PackLoader:242 - Cannot read IP mode file for STMicroelectronics.X-CUBE-BLE1.6.2.4
2023-06-28 17:45:08,748 [WARN] PackLoader:242 - Cannot read IP mode file for STMicroelectronics.X-CUBE-DISPLAY.3.0.0
2023-06-28 17:45:08,772 [WARN] PackLoader:242 - Cannot read IP mode file for STMicroelectronics.X-CUBE-TOUCHGFX.4.22.0
2023-06-28 17:45:09,036 [WARN] PackLoader:242 - Cannot read IP mode file for STMicroelectronics.X-CUBE-MEMS1.9.3.0
2023-06-28 17:45:09,632 [INFO] LogOutputStream:76 - [STDOUT_REDIRECT] 1 : Invalid condition id : UX_CORESTACK_Condition cause : null
2023-06-28 17:45:09,632 [INFO] LogOutputStream:76 - [STDOUT_REDIRECT] 1 : Invalid condition id : UX_CORESTACK_Condition cause : null
2023-06-28 17:45:09,640 [INFO] LogOutputStream:76 - [STDOUT_REDIRECT] 1 : Invalid condition id : UX_CORESTACK_Condition cause : null
2023-06-28 17:45:09,648 [INFO] LogOutputStream:76 - [STDOUT_REDIRECT] 1 : Invalid condition id : UX_CORESTACK_Condition cause : null
2023-06-28 17:45:09,664 [INFO] LogOutputStream:76 - [STDOUT_REDIRECT] 1 : Invalid condition id : UX_CORESTACK_Condition cause : null
2023-06-28 17:45:09,712 [WARN] PackLoader:242 - Cannot read IP mode file for STMicroelectronics.X-CUBE-AZRTOS-WL.2.0.0
2023-06-28 17:45:09,776 [WARN] PackLoader:242 - Cannot read IP mode file for WES.I-CUBE-Cesium.1.3.0
2023-06-28 17:45:09,808 [WARN] PackLoader:242 - Cannot read IP mode file for STMicroelectronics.X-CUBE-BLE2.3.3.0
2023-06-28 17:45:09,850 [WARN] PackLoader:242 - Cannot read IP mode file for STMicroelectronics.X-CUBE-DISPLAY.2.2.0
2023-06-28 17:45:09,904 [WARN] PackLoader:242 - Cannot read IP mode file for STMicroelectronics.X-CUBE-TOF1.3.2.0
2023-06-28 17:45:10,005 [WARN] PackLoader:242 - Cannot read IP mode file for STMicroelectronics.X-CUBE-AZRTOS-H7.2.1.0
2023-06-28 17:45:10,053 [WARN] PackLoader:242 - Cannot read IP mode file for STMicroelectronics.X-CUBE-TOUCHGFX.4.21.0
2023-06-28 17:45:10,090 [WARN] PackLoader:242 - Cannot read IP mode file for STMicroelectronics.X-CUBE-TOUCHGFX.4.21.4
2023-06-28 17:45:10,316 [WARN] PackLoader:242 - Cannot read IP mode file for STMicroelectronics.X-CUBE-MEMS1.9.4.0
2023-06-28 17:45:10,788 [WARN] PackLoader:242 - Cannot read IP mode file for STMicroelectronics.X-CUBE-AI.7.3.0
2023-06-28 17:45:10,836 [WARN] PackLoader:242 - Cannot read IP mode file for STMicroelectronics.X-CUBE-ALGOBUILD.1.3.0
2023-06-28 17:45:10,916 [WARN] PackLoader:242 - Cannot read IP mode file for STMicroelectronics.X-CUBE-AZRTOS-G0.1.1.0
2023-06-28 17:45:10,966 [WARN] PackLoader:242 - Cannot read IP mode file for STMicroelectronics.X-CUBE-NFC4.3.0.0
2023-06-28 17:45:11,153 [WARN] PackLoader:242 - Cannot read IP mode file for SEGGER.I-CUBE-embOS.1.2.1
2023-06-28 17:45:11,323 [WARN] PackLoader:242 - Cannot read IP mode file for STMicroelectronics.X-CUBE-BLEMGR.1.3.0
2023-06-28 17:45:11,339 [WARN] PackLoader:242 - Cannot read IP mode file for STMicroelectronics.FP-ATR-SIGFOX1.3.2.0
2023-06-28 17:45:11,451 [WARN] PackLoader:242 - Cannot read IP mode file for STMicroelectronics.X-CUBE-TOUCHGFX.4.20.0
2023-06-28 17:45:11,595 [WARN] PackLoader:242 - Cannot read IP mode file for SEGGER.I-CUBE-embOS.1.3.1
2023-06-28 17:45:11,795 [WARN] PackLoader:242 - Cannot read IP mode file for STMicroelectronics.X-CUBE-GNSS1.6.0.0
2023-06-28 17:45:11,875 [WARN] PackLoader:242 - Cannot read IP mode file for STMicroelectronics.X-CUBE-AZRTOS-F4.1.1.0
2023-06-28 17:45:11,923 [WARN] PackLoader:242 - Cannot read IP mode file for STMicroelectronics.X-CUBE-BLEMGR.1.2.0
2023-06-28 17:45:12,134 [WARN] PackLoader:242 - Cannot read IP mode file for STMicroelectronics.X-CUBE-MEMS1.9.6.0
2023-06-28 17:45:12,722 [WARN] PackLoader:242 - Cannot read IP mode file for emotas.I-CUBE-CANOPEN.1.1.3
2023-06-28 17:45:12,810 [WARN] PackLoader:242 - Cannot read IP mode file for STMicroelectronics.X-CUBE-BLEMGR.2.0.0
2023-06-28 17:45:12,842 [WARN] PackLoader:242 - Cannot read IP mode file for STMicroelectronics.X-CUBE-NFC4.2.0.5
2023-06-28 17:45:12,922 [WARN] ConditionMgr:437 - getConditionDescription Invalid condition id : UX DEVICE CLASS RTOS Condition cause : null
2023-06-28 17:45:12,922 [WARN] ConditionMgr:437 - getConditionDescription Invalid condition id : UX DEVICE CLASS RTOS Condition cause : null
2023-06-28 17:45:12,930 [WARN] PackLoader:242 - Cannot read IP mode file for STMicroelectronics.X-CUBE-AZRTOS-H7.3.1.0
2023-06-28 17:45:12,938 [WARN] ConditionMgr:1038 - genDependencies : Invalid condition id : UX DEVICE CLASS RTOS Condition cause : null
2023-06-28 17:45:12,938 [WARN] ConditionMgr:1038 - genDependencies : Invalid condition id : UX DEVICE CLASS RTOS Condition cause : null
2023-06-28 17:45:12,938 [WARN] ConditionMgr:1038 - genDependencies : Invalid condition id : UX DEVICE CLASS RTOS Condition cause : null
2023-06-28 17:45:12,938 [WARN] ConditionMgr:1038 - genDependencies : Invalid condition id : UX DEVICE CLASS RTOS Condition cause : null
2023-06-28 17:45:12,938 [WARN] ConditionMgr:1038 - genDependencies : Invalid condition id : UX DEVICE CLASS RTOS Condition cause : null
2023-06-28 17:45:12,978 [WARN] PackLoader:242 - Cannot read IP mode file for wolfSSL.I-CUBE-wolfSSL.5.5.3
2023-06-28 17:45:13,042 [WARN] PackLoader:242 - Cannot read IP mode file for STMicroelectronics.X-CUBE-NFC7.1.0.1
2023-06-28 17:45:13,074 [WARN] PackLoader:242 - Cannot read IP mode file for STMicroelectronics.X-CUBE-NFC7.1.0.0
2023-06-28 17:45:13,202 [WARN] PackLoader:242 - Cannot read IP mode file for STMicroelectronics.X-CUBE-EEPRMA1.4.1.0
2023-06-28 17:45:13,306 [WARN] ConditionMgr:437 - getConditionDescription Invalid condition id : LAN8742 Phy interface Condition cause : null
2023-06-28 17:45:13,314 [WARN] PackLoader:242 - Cannot read IP mode file for STMicroelectronics.X-CUBE-AZRTOS-L4.2.0.0
2023-06-28 17:45:13,314 [WARN] ConditionMgr:1038 - genDependencies : Invalid condition id : LAN8742 Phy interface Condition cause : null
2023-06-28 17:45:13,314 [WARN] ConditionMgr:1038 - genDependencies : Invalid condition id : LAN8742 Phy interface Condition cause : null
2023-06-28 17:45:13,314 [WARN] ConditionMgr:1038 - genDependencies : Invalid condition id : LAN8742 Phy interface Condition cause : null
2023-06-28 17:45:13,362 [WARN] PackLoader:242 - Cannot read IP mode file for STMicroelectronics.X-CUBE-SFXS2LP1.4.0.0
2023-06-28 17:45:13,450 [WARN] PackLoader:242 - Cannot read IP mode file for STMicroelectronics.X-CUBE-AZRTOS-H7.3.0.0
2023-06-28 17:45:13,482 [WARN] PackLoader:242 - Cannot read IP mode file for STMicroelectronics.X-CUBE-ISPU.1.1.0
2023-06-28 17:45:13,522 [WARN] PackLoader:242 - Cannot read IP mode file for RoweBots.I-CUBE-UNISONRTOS.5.5.0-4
2023-06-28 17:45:13,554 [WARN] PackLoader:242 - Cannot read IP mode file for STMicroelectronics.X-CUBE-FREERTOS.1.0.1
2023-06-28 17:45:13,610 [WARN] PackLoader:242 - Cannot read IP mode file for STMicroelectronics.X-CUBE-AZRTOS-L5.1.1.0
2023-06-28 17:45:13,642 [WARN] PackLoader:242 - Cannot read IP mode file for STMicroelectronics.X-CUBE-AI.8.0.1
2023-06-28 17:45:13,682 [WARN] PackLoader:242 - Cannot read IP mode file for STMicroelectronics.X-CUBE-SUBG2.5.0.0
2023-06-28 17:45:13,798 [WARN] PackLoader:242 - Cannot read IP mode file for STMicroelectronics.X-CUBE-AZRTOS-G4.2.0.0
2023-06-28 17:45:13,846 [WARN] PackLoader:242 - Cannot read IP mode file for STMicroelectronics.X-CUBE-TOF1.3.3.0
2023-06-28 17:45:13,902 [WARN] PackLoader:242 - Cannot read IP mode file for STMicroelectronics.FP-ATR-ASTRA1.1.1.1
2023-06-28 17:45:14,003 [WARN] PackLoader:242 - Cannot read IP mode file for STMicroelectronics.X-CUBE-AZRTOS-G4.1.0.0
2023-06-28 17:45:14,171 [WARN] PackLoader:242 - Cannot read IP mode file for STMicroelectronics.X-CUBE-AZRTOS-L4.1.0.0
2023-06-28 17:45:14,267 [WARN] PackLoader:242 - Cannot read IP mode file for STMicroelectronics.X-CUBE-AZRTOS-WL.1.0.0
2023-06-28 17:45:14,307 [WARN] PackLoader:242 - Cannot read IP mode file for portGmbH.I-Cube-SoM-uGOAL.1.1.0
2023-06-28 17:45:14,331 [WARN] PackLoader:242 - Cannot read IP mode file for STMicroelectronics.X-CUBE-ALS.1.0.1
2023-06-28 17:45:14,395 [WARN] PackLoader:242 - Cannot read IP mode file for STMicroelectronics.X-CUBE-AZRTOS-WB.1.1.0
2023-06-28 17:45:14,499 [WARN] PackLoader:242 - Cannot read IP mode file for STMicroelectronics.X-CUBE-AZRTOS-L5.1.0.0
2023-06-28 17:45:14,547 [WARN] PackLoader:242 - Cannot read IP mode file for STMicroelectronics.X-CUBE-EEPRMA1.3.1.1
2023-06-28 17:45:14,555 [WARN] PackLoader:242 - Cannot read IP mode file for STMicroelectronics.FP-ATR-ASTRA1.2.0.0
2023-06-28 17:45:14,555 [INFO] ThirdParty:929 - Integrity check success = true
2023-06-28 17:45:14,555 [INFO] IntegrityCheckThread:98 - exiting critical section [integrity check]
2023-06-28 17:45:14,555 [INFO] IntegrityCheckThread:101 - End integrity checks thread
2023-06-28 17:45:14,555 [INFO] ThirdParty:829 - entering critical section [close project]
2023-06-28 17:45:14,555 [INFO] ThirdParty:839 - exiting critical section [close project]
2023-06-28 17:45:14,571 [INFO] PinOutPanel:1468 - setPackage(No Configuration,No Configuration)
2023-06-28 17:45:14,579 [INFO] UtilMem:74 - Begin LoadConfig() Used Memory: 421487232 Bytes (634388480)
2023-06-28 17:45:14,587 [INFO] MicroXplorer:451 - Change Database Path : 
2023-06-28 17:45:14,587 [INFO] MicroXplorer:481 - Change Database Version : DB.6.0.60
2023-06-28 17:45:14,587 [INFO] OpenFileManager:307 - Change cursor
2023-06-28 17:45:14,763 [INFO] Mcu:1922 - Initializing MCU STM32F411V(C-E)Tx STM32F411VETx STM32F411VET6
2023-06-28 17:45:19,248 [INFO] Context:654 - Trying to add GPIOservice into a context  which must be forbidden
2023-06-28 17:45:20,486 [WARN] ApiManager:308 - Cannot register API 'Board Extension:GNSS1A1' from pack STMicroelectronics.X-CUBE-GNSS1.6.0.0: no header file found
2023-06-28 17:45:20,494 [WARN] ApiManager:308 - Cannot register API 'Board Support:Custom' from pack STMicroelectronics.X-CUBE-GNSS1.6.0.0: no header file found
2023-06-28 17:45:20,494 [WARN] ApiManager:308 - Cannot register API 'Data Exchange:lib_gnss' from pack STMicroelectronics.X-CUBE-GNSS1.6.0.0: no header file found
2023-06-28 17:45:20,861 [WARN] ApiManager:308 - Cannot register API 'Board Extension:IKS01A3' from pack STMicroelectronics.X-CUBE-MEMS1.9.4.0: no header file found
2023-06-28 17:45:20,861 [WARN] ApiManager:308 - Cannot register API 'Board Extension:IKS01A2' from pack STMicroelectronics.X-CUBE-MEMS1.9.4.0: no header file found
2023-06-28 17:45:20,861 [WARN] ApiManager:308 - Cannot register API 'Board Extension:IKS02A1' from pack STMicroelectronics.X-CUBE-MEMS1.9.4.0: no header file found
2023-06-28 17:45:21,183 [WARN] ApiManager:308 - Cannot register API 'Board Extension:IKS01A3' from pack STMicroelectronics.X-CUBE-MEMS1.9.6.0: no header file found
2023-06-28 17:45:21,183 [WARN] ApiManager:308 - Cannot register API 'Board Extension:IKS01A2' from pack STMicroelectronics.X-CUBE-MEMS1.9.6.0: no header file found
2023-06-28 17:45:21,183 [WARN] ApiManager:308 - Cannot register API 'Board Extension:IKS02A1' from pack STMicroelectronics.X-CUBE-MEMS1.9.6.0: no header file found
2023-06-28 17:45:21,209 [WARN] ApiManager:308 - Cannot register API 'Wireless:BlueNRG-MS' from pack STMicroelectronics.X-CUBE-BLE1.6.2.3: no header file found
2023-06-28 17:45:21,209 [WARN] ApiManager:308 - Cannot register API 'Wireless:BlueNRG-MS' from pack STMicroelectronics.X-CUBE-BLE1.6.2.4: no header file found
2023-06-28 17:45:21,209 [INFO] RtosManager:488 - Registered RTOS mode: class=CMSIS, group=RTOS, mode=CMSIS_V1, owner=FREERTOS
2023-06-28 17:45:21,209 [INFO] RtosManager:488 - Registered RTOS mode: class=CMSIS, group=RTOS2, mode=CMSIS_V2, owner=FREERTOS
2023-06-28 17:45:21,209 [INFO] RtosManager:488 - Registered RTOS mode: class=RTOS, group=Core, mode=CMSIS_V1, owner=FREERTOS
2023-06-28 17:45:21,209 [INFO] RtosManager:488 - Registered RTOS mode: class=RTOS, group=Core, mode=CMSIS_V2, owner=FREERTOS
2023-06-28 17:45:21,209 [WARN] ModelIntegratedComponent:185 - Missing modes for component STMicroelectronics:FreeRTOS:0.0.1:STMicroelectronics:RTOS:FreeRTOS:Core:::10.2.0:
2023-06-28 17:45:21,217 [WARN] ApiManager:308 - Cannot register API 'Board Extension:NFC04A1' from pack STMicroelectronics.X-CUBE-NFC4.3.0.0: no header file found
2023-06-28 17:45:21,225 [WARN] ApiManager:308 - Cannot register API 'Board Extension:S2868A1' from pack STMicroelectronics.X-CUBE-SUBG2.5.0.0: no header file found
2023-06-28 17:45:21,225 [WARN] ApiManager:308 - Cannot register API 'Board Extension:S2868A2' from pack STMicroelectronics.X-CUBE-SUBG2.5.0.0: no header file found
2023-06-28 17:45:21,225 [WARN] ApiManager:308 - Cannot register API 'Board Extension:S2915A1' from pack STMicroelectronics.X-CUBE-SUBG2.5.0.0: no header file found
2023-06-28 17:45:21,249 [WARN] ApiManager:308 - Cannot register API 'Board Extension:NFC04A1' from pack STMicroelectronics.X-CUBE-NFC4.2.0.5: no header file found
2023-06-28 17:45:21,249 [WARN] ModelIntegratedComponent:183 - Modes not found for component STMicroelectronics:USB_HOST:1.0.0:STMicroelectronics:USB::USB Host:Audio HS::1.0:USB_HOST_1_0_RESTRICTED_HS
2023-06-28 17:45:21,249 [WARN] ModelIntegratedComponent:189 - Modes not found for component STMicroelectronics:USB_HOST:1.0.0:STMicroelectronics:USB::USB Host:Audio HS::1.0:USB_HOST_1_0_RESTRICTED_HS
2023-06-28 17:45:21,249 [WARN] ModelIntegratedComponent:183 - Modes not found for component STMicroelectronics:USB_HOST:1.0.0:STMicroelectronics:USB::USB Host:CDC HS::1.0:USB_HOST_1_0_RESTRICTED_HS
2023-06-28 17:45:21,249 [WARN] ModelIntegratedComponent:189 - Modes not found for component STMicroelectronics:USB_HOST:1.0.0:STMicroelectronics:USB::USB Host:CDC HS::1.0:USB_HOST_1_0_RESTRICTED_HS
2023-06-28 17:45:21,257 [WARN] ModelIntegratedComponent:183 - Modes not found for component STMicroelectronics:USB_HOST:1.0.0:STMicroelectronics:USB::USB Host:MSC HS::1.0:USB_HOST_1_0_RESTRICTED_HS
2023-06-28 17:45:21,257 [WARN] ModelIntegratedComponent:189 - Modes not found for component STMicroelectronics:USB_HOST:1.0.0:STMicroelectronics:USB::USB Host:MSC HS::1.0:USB_HOST_1_0_RESTRICTED_HS
2023-06-28 17:45:21,257 [WARN] ModelIntegratedComponent:183 - Modes not found for component STMicroelectronics:USB_HOST:1.0.0:STMicroelectronics:USB::USB Host:HID HS::1.0:USB_HOST_1_0_RESTRICTED_HS
2023-06-28 17:45:21,257 [WARN] ModelIntegratedComponent:189 - Modes not found for component STMicroelectronics:USB_HOST:1.0.0:STMicroelectronics:USB::USB Host:HID HS::1.0:USB_HOST_1_0_RESTRICTED_HS
2023-06-28 17:45:21,257 [WARN] ModelIntegratedComponent:183 - Modes not found for component STMicroelectronics:USB_HOST:1.0.0:STMicroelectronics:USB::USB Host:MTP HS::1.0:USB_HOST_1_0_RESTRICTED_HS
2023-06-28 17:45:21,257 [WARN] ModelIntegratedComponent:189 - Modes not found for component STMicroelectronics:USB_HOST:1.0.0:STMicroelectronics:USB::USB Host:MTP HS::1.0:USB_HOST_1_0_RESTRICTED_HS
2023-06-28 17:45:21,289 [WARN] ModelIntegratedComponent:64 - No mode defined for component null
2023-06-28 17:45:21,289 [WARN] ModelIntegratedComponent:64 - No mode defined for component null
2023-06-28 17:45:21,289 [WARN] ModelIntegratedComponent:64 - No mode defined for component null
2023-06-28 17:45:21,289 [WARN] ModelIntegratedComponent:64 - No mode defined for component null
2023-06-28 17:45:21,289 [WARN] ModelIntegratedComponent:64 - No mode defined for component null
2023-06-28 17:45:21,289 [WARN] ModelIntegratedComponent:64 - No mode defined for component null
2023-06-28 17:45:21,289 [WARN] ModelIntegratedComponent:64 - No mode defined for component null
2023-06-28 17:45:21,289 [WARN] ModelIntegratedComponent:64 - No mode defined for component null
2023-06-28 17:45:21,289 [WARN] ModelIntegratedComponent:64 - No mode defined for component null
2023-06-28 17:45:21,289 [WARN] ModelIntegratedComponent:64 - No mode defined for component null
2023-06-28 17:45:21,289 [WARN] ModelIntegratedComponent:64 - No mode defined for component null
2023-06-28 17:45:21,289 [WARN] ModelIntegratedComponent:64 - No mode defined for component null
2023-06-28 17:45:21,289 [WARN] ModelIntegratedComponent:64 - No mode defined for component null
2023-06-28 17:45:21,289 [WARN] ModelIntegratedComponent:64 - No mode defined for component null
2023-06-28 17:45:21,289 [WARN] ModelIntegratedComponent:64 - No mode defined for component null
2023-06-28 17:45:21,289 [WARN] ModelIntegratedComponent:64 - No mode defined for component null
2023-06-28 17:45:21,289 [WARN] ModelIntegratedComponent:64 - No mode defined for component null
2023-06-28 17:45:21,289 [WARN] ModelIntegratedComponent:64 - No mode defined for component null
2023-06-28 17:45:21,297 [WARN] ModelIntegratedComponent:64 - No mode defined for component null
2023-06-28 17:45:21,297 [WARN] ModelIntegratedComponent:64 - No mode defined for component null
2023-06-28 17:45:21,297 [WARN] ModelIntegratedComponent:64 - No mode defined for component null
2023-06-28 17:45:21,297 [WARN] ModelIntegratedComponent:64 - No mode defined for component null
2023-06-28 17:45:21,297 [WARN] ModelIntegratedComponent:64 - No mode defined for component null
2023-06-28 17:45:21,297 [WARN] ModelIntegratedComponent:64 - No mode defined for component null
2023-06-28 17:45:21,297 [WARN] ModelIntegratedComponent:64 - No mode defined for component null
2023-06-28 17:45:21,297 [WARN] ModelIntegratedComponent:64 - No mode defined for component null
2023-06-28 17:45:21,297 [WARN] ModelIntegratedComponent:64 - No mode defined for component null
2023-06-28 17:45:21,297 [WARN] ModelIntegratedComponent:64 - No mode defined for component null
2023-06-28 17:45:21,297 [WARN] ModelIntegratedComponent:64 - No mode defined for component null
2023-06-28 17:45:21,297 [WARN] ModelIntegratedComponent:64 - No mode defined for component null
2023-06-28 17:45:21,297 [WARN] ModelIntegratedComponent:64 - No mode defined for component null
2023-06-28 17:45:21,297 [WARN] ModelIntegratedComponent:64 - No mode defined for component null
2023-06-28 17:45:21,297 [WARN] ModelIntegratedComponent:64 - No mode defined for component null
2023-06-28 17:45:21,305 [WARN] ApiManager:308 - Cannot register API 'Board Extension:NFC07A1' from pack STMicroelectronics.X-CUBE-NFC7.1.0.1: no header file found
2023-06-28 17:45:21,305 [WARN] ApiManager:308 - Cannot register API 'Board Extension:NFC07A1' from pack STMicroelectronics.X-CUBE-NFC7.1.0.0: no header file found
2023-06-28 17:45:21,538 [WARN] ApiManager:308 - Cannot register API 'Board Extension:IKS01A3' from pack STMicroelectronics.X-CUBE-MEMS1.9.3.0: no header file found
2023-06-28 17:45:21,538 [WARN] ApiManager:308 - Cannot register API 'Board Extension:IKS01A2' from pack STMicroelectronics.X-CUBE-MEMS1.9.3.0: no header file found
2023-06-28 17:45:21,538 [WARN] ApiManager:308 - Cannot register API 'Board Extension:IKS02A1' from pack STMicroelectronics.X-CUBE-MEMS1.9.3.0: no header file found
2023-06-28 17:45:21,554 [WARN] ApiManager:308 - Cannot register API 'Board Extension:EEPRMA1' from pack STMicroelectronics.X-CUBE-EEPRMA1.4.1.0: no header file found
2023-06-28 17:45:21,554 [WARN] ApiManager:308 - Cannot register API 'Board Extension:EEPRMA2' from pack STMicroelectronics.X-CUBE-EEPRMA1.4.1.0: no header file found
2023-06-28 17:45:21,554 [WARN] ApiManager:308 - Cannot register API 'Board Extension:PGEEZ1' from pack STMicroelectronics.X-CUBE-EEPRMA1.4.1.0: no header file found
2023-06-28 17:45:21,554 [WARN] ApiManager:308 - Cannot register API 'Board Part:M24' from pack STMicroelectronics.X-CUBE-EEPRMA1.4.1.0: no header file found
2023-06-28 17:45:21,554 [WARN] ApiManager:308 - Cannot register API 'Board Part:M95' from pack STMicroelectronics.X-CUBE-EEPRMA1.4.1.0: no header file found
2023-06-28 17:45:21,554 [WARN] ApiManager:308 - Cannot register API 'Board Part:M95P32' from pack STMicroelectronics.X-CUBE-EEPRMA1.4.1.0: no header file found
2023-06-28 17:45:21,562 [WARN] ApiManager:308 - Cannot register API 'PGEEZ1:SPI' from pack STMicroelectronics.X-CUBE-EEPRMA1.4.1.0: no header file found
2023-06-28 17:45:21,562 [WARN] ApiManager:308 - Cannot register API 'PGEEZ1:QDSPI' from pack STMicroelectronics.X-CUBE-EEPRMA1.4.1.0: no header file found
2023-06-28 17:45:21,578 [WARN] ModelIntegratedComponent:183 - Modes not found for component STMicroelectronics:USB_DEVICE:1.0.0:STMicroelectronics:USB::USB Device:Audio HS::1.0:USB_DEVICE_1_0_RESTRICTED_HS
2023-06-28 17:45:21,578 [WARN] ModelIntegratedComponent:189 - Modes not found for component STMicroelectronics:USB_DEVICE:1.0.0:STMicroelectronics:USB::USB Device:Audio HS::1.0:USB_DEVICE_1_0_RESTRICTED_HS
2023-06-28 17:45:21,578 [WARN] ModelIntegratedComponent:183 - Modes not found for component STMicroelectronics:USB_DEVICE:1.0.0:STMicroelectronics:USB::USB Device:CDC HS::1.0:USB_DEVICE_1_0_RESTRICTED_HS
2023-06-28 17:45:21,578 [WARN] ModelIntegratedComponent:189 - Modes not found for component STMicroelectronics:USB_DEVICE:1.0.0:STMicroelectronics:USB::USB Device:CDC HS::1.0:USB_DEVICE_1_0_RESTRICTED_HS
2023-06-28 17:45:21,578 [WARN] ModelIntegratedComponent:183 - Modes not found for component STMicroelectronics:USB_DEVICE:1.0.0:STMicroelectronics:USB::USB Device:DFU HS::1.0:USB_DEVICE_1_0_RESTRICTED_HS
2023-06-28 17:45:21,578 [WARN] ModelIntegratedComponent:189 - Modes not found for component STMicroelectronics:USB_DEVICE:1.0.0:STMicroelectronics:USB::USB Device:DFU HS::1.0:USB_DEVICE_1_0_RESTRICTED_HS
2023-06-28 17:45:21,578 [WARN] ModelIntegratedComponent:183 - Modes not found for component STMicroelectronics:USB_DEVICE:1.0.0:STMicroelectronics:USB::USB Device:HID HS::1.0:USB_DEVICE_1_0_RESTRICTED_HS
2023-06-28 17:45:21,578 [WARN] ModelIntegratedComponent:189 - Modes not found for component STMicroelectronics:USB_DEVICE:1.0.0:STMicroelectronics:USB::USB Device:HID HS::1.0:USB_DEVICE_1_0_RESTRICTED_HS
2023-06-28 17:45:21,578 [WARN] ModelIntegratedComponent:183 - Modes not found for component STMicroelectronics:USB_DEVICE:1.0.0:STMicroelectronics:USB::USB Device:Custom HID HS::1.0:USB_DEVICE_1_0_RESTRICTED_HS
2023-06-28 17:45:21,578 [WARN] ModelIntegratedComponent:189 - Modes not found for component STMicroelectronics:USB_DEVICE:1.0.0:STMicroelectronics:USB::USB Device:Custom HID HS::1.0:USB_DEVICE_1_0_RESTRICTED_HS
2023-06-28 17:45:21,578 [WARN] ModelIntegratedComponent:183 - Modes not found for component STMicroelectronics:USB_DEVICE:1.0.0:STMicroelectronics:USB::USB Device:MSC HS::1.0:USB_DEVICE_1_0_RESTRICTED_HS
2023-06-28 17:45:21,578 [WARN] ModelIntegratedComponent:189 - Modes not found for component STMicroelectronics:USB_DEVICE:1.0.0:STMicroelectronics:USB::USB Device:MSC HS::1.0:USB_DEVICE_1_0_RESTRICTED_HS
2023-06-28 17:45:21,578 [WARN] ApiManager:308 - Cannot register API 'Board Extension:EEPRMA1' from pack STMicroelectronics.X-CUBE-EEPRMA1.3.1.1: no header file found
2023-06-28 17:45:21,578 [WARN] ApiManager:308 - Cannot register API 'Board Extension:EEPRMA2' from pack STMicroelectronics.X-CUBE-EEPRMA1.3.1.1: no header file found
2023-06-28 17:45:21,586 [WARN] ApiManager:308 - Cannot register API 'Board Extension:S2868A1' from pack STMicroelectronics.X-CUBE-SFXS2LP1.4.0.0: no header file found
2023-06-28 17:45:21,586 [WARN] ApiManager:308 - Cannot register API 'Board Extension:S2868A2' from pack STMicroelectronics.X-CUBE-SFXS2LP1.4.0.0: no header file found
2023-06-28 17:45:21,586 [WARN] ApiManager:308 - Cannot register API 'Board Extension:S2915A1' from pack STMicroelectronics.X-CUBE-SFXS2LP1.4.0.0: no header file found
2023-06-28 17:45:21,594 [WARN] ApiManager:308 - Cannot register API 'Wireless:BlueNRG-2' from pack STMicroelectronics.X-CUBE-BLE2.3.3.0: no header file found
2023-06-28 17:45:21,650 [INFO] ThirdPartyModel:289 - Start build external matchings
2023-06-28 17:45:24,202 [INFO] ThirdPartyModel:302 - End build external matchings
2023-06-28 17:45:24,895 [INFO] UtilMem:74 - End LoadConfig() Used Memory: 518677480 Bytes (634388480)
2023-06-28 17:45:25,298 [INFO] ApiDb:576 - Connected to CubeFinder SQLite database (C:\Users\SMN\.stmcufinder\plugins\mcufinder\mcu\cube-finder-db.db)
2023-06-28 17:45:25,529 [INFO] ApiDb:663 - CubeFinder database Data Model version=2.1
2023-06-28 17:45:25,529 [INFO] ApiDb:664 - CubeFinder database Configuration version=3.0.35
2023-06-28 17:45:25,529 [INFO] ApiDb:665 - CubeFinder database generation date=2023-05-12 (1683877179)
2023-06-28 17:45:25,529 [INFO] ApiDb:666 - CubeFinder database FW Pack versions=[FP-ATR-ASTRA1_V2.0.0, FP-SNS-FLIGHT1_V5.0.0, FP-SNS-MOTENV1_V4.3.0, STM32Cube_FW_C0_V1.0.1, STM32Cube_FW_F0_V1.11.4, STM32Cube_FW_F3_V1.11.4, STM32Cube_FW_F4_V1.27.1, STM32Cube_FW_F7_V1.17.0, STM32Cube_FW_G0_V1.6.1, STM32Cube_FW_G4_V1.5.1, STM32Cube_FW_H5_V0.5.1, STM32Cube_FW_H5_V1.0.0, STM32Cube_FW_H7_V1.11.0, STM32Cube_FW_L0_V1.12.2, STM32Cube_FW_L5_V1.5.0, STM32Cube_FW_U5_V1.2.0, STM32Cube_FW_WBA_V1.0.0, STM32Cube_FW_WBA_V1.0.0RC1, STM32Cube_FW_WBA_V1.0.0RC3, STM32Cube_FW_WB_V1.15.0RC1, STM32Cube_FW_WB_V1.16.0, STM32Cube_FW_WB_V1.16.0RC2, STM32Cube_FW_WL_V1.3.0, X-CUBE-ALGOBUILD_V1.3.0, X-CUBE-ALS_V1.0.1, X-CUBE-AZRTOS-F4_V1.1.0, X-CUBE-AZRTOS-F7_V1.1.0, X-CUBE-AZRTOS-G0_V1.1.0, X-CUBE-AZRTOS-G4_V2.0.0, X-CUBE-AZRTOS-H7_V3.1.0, X-CUBE-AZRTOS-L4_V1.0.0, X-CUBE-AZRTOS-L5_V1.1.0, X-CUBE-AZRTOS-WB_V1.1.0, X-CUBE-AZRTOS-WL_V1.0.0, X-CUBE-BLE1_V6.2.4, X-CUBE-BLE2_V3.3.0, X-CUBE-BLEMGR_V2.0.0, X-CUBE-EEPRMA1_V4.1.0, X-CUBE-FREERTOS_V1.0.1, X-CUBE-GNSS1_V6.0.0, X-CUBE-MEMS1_V9.1.0, X-CUBE-MEMS1_V9.4.0, X-CUBE-MEMS1_V9.6.0, X-CUBE-NFC4_V3.0.0, X-CUBE-NFC7_V1.0.0, X-CUBE-SFXS2LP1_V4.0.0, X-CUBE-SUBG2_V5.0.0]
2023-06-28 17:45:30,227 [INFO] ApiDb:239 - Found 138 in-development CPN: [B-WB1M-WPAN1, NUCLEO-C031C6, STEVAL-STWINBX1, STM320518-EVAL, STM32C0116-DK, STM32C011D6Y3TR, STM32C011D6Y6TR, STM32C011F4P3, STM32C011F4P6, STM32C011F4U3, STM32C011F4U6TR, STM32C011F6P3, STM32C011F6P6, STM32C011F6U3, STM32C011F6U6TR, STM32C011J4M3, STM32C011J4M6, STM32C011J6M3, STM32C011J6M6, STM32C0316-DK, STM32C031C4T3, STM32C031C4T6, STM32C031C4U3, STM32C031C4U6, STM32C031C6T3, STM32C031C6T6, STM32C031C6U3, STM32C031C6U6, STM32C031F4P3, STM32C031F4P6, STM32C031F6P3, STM32C031F6P6, STM32C031G4U3, STM32C031G4U6, STM32C031G6U3, STM32C031G6U6, STM32C031K4T3, STM32C031K4T6, STM32C031K4U3, STM32C031K4U6, STM32C031K6T3, STM32C031K6T6, STM32C031K6U3, STM32C031K6U6, STM32G071K8TXN, STM32G071K8UXN, STM32G081GBU6N, STM32G081KBT6N, STM32G081KBUXN, STM32G0B1CCT6N, STM32G0B1KCT6, STM32G0B1NEY6TR, STM32G0B1RCT6N, STM32G0C1CCT6, STM32G0C1CCT6N, STM32G0C1CCU6N, STM32G0C1CET6N, STM32G0C1CEU6N, STM32G0C1KCT6, STM32G0C1NEY6TR, STM32G0C1RCI6N, STM32G0C1RCT6N, STM32G0C1REI6N, STM32G0C1RET6N, STM32G0C1VCI6, STM32G0C1VEI6, STM32G471CCT6, STM32G471CCU6, STM32G471CET3, STM32G471CET6, STM32G471CEU3, STM32G471CEU6, STM32G471MCT6, STM32G471MET3, STM32G471MET6, STM32G471MEY6TR, STM32G471QCT6, STM32G471QET3, STM32G471RCT6, STM32G471RET3, STM32G471RET6, STM32G471VCH6, STM32G471VCI6, STM32G471VCT6, STM32G471VEH3, STM32G471VEH6, STM32G471VEI3, STM32G471VEI6, STM32G471VET3, STM32G471VET6, STM32G474CCT6, STM32L476VGY6PTR, STM32L4R5QGI6STR, STM32MP131AAE3, STM32MP131AAF3, STM32MP131AAG3, STM32MP131CAE3, STM32MP131CAF3, STM32MP131CAG3, STM32MP131DAE7, STM32MP131DAF7, STM32MP131DAG7, STM32MP131FAE7, STM32MP131FAF7, STM32MP131FAG7, STM32MP133AAE3, STM32MP133AAF3, STM32MP133AAG3, STM32MP133CAE3, STM32MP133CAF3, STM32MP133CAG3, STM32MP133DAE7, STM32MP133DAF7, STM32MP133DAG7, STM32MP133FAE7, STM32MP133FAF7, STM32MP133FAG7, STM32MP135AAE3, STM32MP135AAF3, STM32MP135AAG3, STM32MP135CAE3, STM32MP135CAF3, STM32MP135CAG3, STM32MP135DAE7, STM32MP135DAF7, STM32MP135DAG7, STM32MP135F-DK, STM32MP135FAE7, STM32MP135FAF7, STM32MP135FAG7, STM32U595ZJT6Q, STM32U599BJY6QTR, STM32U599NIH6Q, STM32U599NJH6Q, STM32U5A5ZJT6Q, STM32U5A9BJY6QTR, STM32U5A9NJH6Q, STM32WB1MMCH6]
2023-06-28 17:45:30,242 [INFO] DbMcus:215 - Found 3678 MCUs, 3678 are supported
2023-06-28 17:45:30,250 [INFO] ApiDb:418 - Load user favorites file C:\Users\SMN/.stm32cubeide/favorites.mcus.txt: 0 item(s)
2023-06-28 17:45:30,251 [INFO] ApiDb:422 - User favorites MCUs=[]
2023-06-28 17:45:30,251 [INFO] DbMcus:221 - Set 0 / 0 favorites MCUs
2023-06-28 17:45:30,561 [WARN] ThirdParty:789 - waiting for thirdparty lock release [change project]
2023-06-28 17:45:30,561 [INFO] ThirdParty:791 - entering critical section [change project]
2023-06-28 17:45:30,561 [INFO] ThirdParty:981 - CMSIS Pack Vendor :STMicroelectronics X-CUBE-ISPU 1.1.0
2023-06-28 17:45:30,561 [INFO] ThirdParty:981 - CMSIS Pack Vendor :RoweBots I-CUBE-UNISONRTOS 5.5.0-4
2023-06-28 17:45:30,561 [INFO] ThirdParty:981 - CMSIS Pack Vendor :STMicroelectronics X-CUBE-GNSS1 6.0.0
2023-06-28 17:45:30,561 [INFO] ThirdParty:981 - CMSIS Pack Vendor :STMicroelectronics X-CUBE-AZRTOS-H7 2.1.0
2023-06-28 17:45:30,561 [INFO] ThirdParty:981 - CMSIS Pack Vendor :STMicroelectronics USB_HOST 2.0.0
2023-06-28 17:45:30,561 [INFO] ThirdParty:981 - CMSIS Pack Vendor :STMicroelectronics X-CUBE-AZRTOS-F4 1.1.0
2023-06-28 17:45:30,561 [INFO] ThirdParty:981 - CMSIS Pack Vendor :STMicroelectronics LIBJPEG 8.0.0
2023-06-28 17:45:30,561 [INFO] ThirdParty:981 - CMSIS Pack Vendor :STMicroelectronics X-CUBE-SMBUS 2.1.0
2023-06-28 17:45:30,561 [INFO] ThirdParty:981 - CMSIS Pack Vendor :STMicroelectronics USB_DEVICE 3.0.0
2023-06-28 17:45:30,561 [INFO] ThirdParty:981 - CMSIS Pack Vendor :STMicroelectronics X-CUBE-FREERTOS 1.0.1
2023-06-28 17:45:30,561 [INFO] ThirdParty:981 - CMSIS Pack Vendor :STMicroelectronics X-CUBE-TOUCHGFX 4.21.0
2023-06-28 17:45:30,561 [INFO] ThirdParty:981 - CMSIS Pack Vendor :STMicroelectronics X-CUBE-BLEMGR 1.2.0
2023-06-28 17:45:30,561 [INFO] ThirdParty:981 - CMSIS Pack Vendor :STMicroelectronics X-CUBE-AZRTOS-F7 1.1.0
2023-06-28 17:45:30,561 [INFO] ThirdParty:981 - CMSIS Pack Vendor :STMicroelectronics X-CUBE-TOUCHGFX 4.21.4
2023-06-28 17:45:30,561 [INFO] ThirdParty:981 - CMSIS Pack Vendor :STMicroelectronics X-CUBE-MEMS1 9.4.0
2023-06-28 17:45:30,561 [INFO] ThirdParty:981 - CMSIS Pack Vendor :STMicroelectronics USB_DEVICE 2.0.0
2023-06-28 17:45:30,561 [INFO] ThirdParty:981 - CMSIS Pack Vendor :STMicroelectronics X-CUBE-AI 7.3.0
2023-06-28 17:45:30,561 [INFO] ThirdParty:981 - CMSIS Pack Vendor :STMicroelectronics X-CUBE-MEMS1 9.6.0
2023-06-28 17:45:30,561 [INFO] ThirdParty:981 - CMSIS Pack Vendor :STMicroelectronics FP-SNS-MOTENV1 4.3.2
2023-06-28 17:45:30,561 [INFO] ThirdParty:981 - CMSIS Pack Vendor :STMicroelectronics FP-SNS-MOTENV1 4.3.1
2023-06-28 17:45:30,561 [INFO] ThirdParty:981 - CMSIS Pack Vendor :STMicroelectronics FP-SNS-FLIGHT1 5.0.1
2023-06-28 17:45:30,561 [INFO] ThirdParty:981 - CMSIS Pack Vendor :STMicroelectronics X-CUBE-BLE1 6.2.3
2023-06-28 17:45:30,561 [INFO] ThirdParty:981 - CMSIS Pack Vendor :STMicroelectronics X-CUBE-ALGOBUILD 1.3.0
2023-06-28 17:45:30,561 [INFO] ThirdParty:981 - CMSIS Pack Vendor :STMicroelectronics X-CUBE-BLE1 6.2.4
2023-06-28 17:45:30,561 [INFO] ThirdParty:981 - CMSIS Pack Vendor :STMicroelectronics X-CUBE-AZRTOS-L5 1.1.0
2023-06-28 17:45:30,561 [INFO] ThirdParty:981 - CMSIS Pack Vendor :STMicroelectronics FreeRTOS 0.0.1
2023-06-28 17:45:30,561 [INFO] ThirdParty:981 - CMSIS Pack Vendor :STMicroelectronics X-CUBE-AZRTOS-G0 1.1.0
2023-06-28 17:45:30,561 [INFO] ThirdParty:981 - CMSIS Pack Vendor :emotas I-CUBE-CANOPEN 1.1.3
2023-06-28 17:45:30,569 [INFO] ThirdParty:981 - CMSIS Pack Vendor :STMicroelectronics X-CUBE-BLEMGR 2.0.0
2023-06-28 17:45:30,569 [INFO] ThirdParty:981 - CMSIS Pack Vendor :STMicroelectronics X-CUBE-AI 8.0.1
2023-06-28 17:45:30,569 [INFO] ThirdParty:981 - CMSIS Pack Vendor :STMicroelectronics X-CUBE-NFC4 3.0.0
2023-06-28 17:45:30,569 [INFO] ThirdParty:981 - CMSIS Pack Vendor :STMicroelectronics X-CUBE-SUBG2 5.0.0
2023-06-28 17:45:30,569 [INFO] ThirdParty:981 - CMSIS Pack Vendor :STMicroelectronics STM32_WPAN 1.0.0
2023-06-28 17:45:30,569 [INFO] ThirdParty:981 - CMSIS Pack Vendor :SEGGER I-CUBE-embOS 1.2.1
2023-06-28 17:45:30,569 [INFO] ThirdParty:981 - CMSIS Pack Vendor :STMicroelectronics lwIP 2.0.3
2023-06-28 17:45:30,569 [INFO] ThirdParty:981 - CMSIS Pack Vendor :STMicroelectronics X-CUBE-NFC4 2.0.5
2023-06-28 17:45:30,569 [INFO] ThirdParty:981 - CMSIS Pack Vendor :STMicroelectronics USB_HOST 1.0.0
2023-06-28 17:45:30,569 [INFO] ThirdParty:981 - CMSIS Pack Vendor :STMicroelectronics X-CUBE-AZRTOS-G4 2.0.0
2023-06-28 17:45:30,569 [INFO] ThirdParty:981 - CMSIS Pack Vendor :STMicroelectronics PDM2PCM 3.1.0
2023-06-28 17:45:30,569 [INFO] ThirdParty:981 - CMSIS Pack Vendor :STMicroelectronics X-CUBE-AZRTOS-H7 3.1.0
2023-06-28 17:45:30,569 [INFO] ThirdParty:981 - CMSIS Pack Vendor :STMicroelectronics X-CUBE-TOF1 3.3.0
2023-06-28 17:45:30,569 [INFO] ThirdParty:981 - CMSIS Pack Vendor :STMicroelectronics FP-ATR-ASTRA1 1.1.1
2023-06-28 17:45:30,569 [INFO] ThirdParty:981 - CMSIS Pack Vendor :STMicroelectronics PDM2PCM 3.3.0
2023-06-28 17:45:30,569 [INFO] ThirdParty:981 - CMSIS Pack Vendor :STMicroelectronics X-CUBE-DISPLAY 3.0.0
2023-06-28 17:45:30,569 [INFO] ThirdParty:981 - CMSIS Pack Vendor :STMicroelectronics X-CUBE-BLEMGR 1.3.0
2023-06-28 17:45:30,569 [INFO] ThirdParty:981 - CMSIS Pack Vendor :wolfSSL I-CUBE-wolfSSL 5.5.3
2023-06-28 17:45:30,569 [INFO] ThirdParty:981 - CMSIS Pack Vendor :STMicroelectronics FP-ATR-SIGFOX1 3.2.0
2023-06-28 17:45:30,569 [INFO] ThirdParty:981 - CMSIS Pack Vendor :STMicroelectronics X-CUBE-AZRTOS-G4 1.0.0
2023-06-28 17:45:30,569 [INFO] ThirdParty:981 - CMSIS Pack Vendor :STMicroelectronics X-CUBE-AZRTOS-L4 1.0.0
2023-06-28 17:45:30,569 [INFO] ThirdParty:981 - CMSIS Pack Vendor :STMicroelectronics HAL Drivers 0.0.0
2023-06-28 17:45:30,569 [INFO] ThirdParty:981 - CMSIS Pack Vendor :STMicroelectronics MBEDTLS 2.16.2
2023-06-28 17:45:30,569 [INFO] ThirdParty:981 - CMSIS Pack Vendor :STMicroelectronics X-CUBE-TOUCHGFX 4.20.0
2023-06-28 17:45:30,569 [INFO] ThirdParty:981 - CMSIS Pack Vendor :STMicroelectronics X-CUBE-TOUCHGFX 4.22.0
2023-06-28 17:45:30,569 [INFO] ThirdParty:981 - CMSIS Pack Vendor :STMicroelectronics X-CUBE-NFC7 1.0.1
2023-06-28 17:45:30,569 [INFO] ThirdParty:981 - CMSIS Pack Vendor :STMicroelectronics MBEDTLS 2.14.1
2023-06-28 17:45:30,569 [INFO] ThirdParty:981 - CMSIS Pack Vendor :STMicroelectronics X-CUBE-NFC7 1.0.0
2023-06-28 17:45:30,569 [INFO] ThirdParty:981 - CMSIS Pack Vendor :STMicroelectronics X-CUBE-AZRTOS-WL 1.0.0
2023-06-28 17:45:30,569 [INFO] ThirdParty:981 - CMSIS Pack Vendor :STMicroelectronics X-CUBE-MEMS1 9.3.0
2023-06-28 17:45:30,569 [INFO] ThirdParty:981 - CMSIS Pack Vendor :STMicroelectronics X-CUBE-EEPRMA1 4.1.0
2023-06-28 17:45:30,569 [INFO] ThirdParty:981 - CMSIS Pack Vendor :portGmbH I-Cube-SoM-uGOAL 1.1.0
2023-06-28 17:45:30,569 [INFO] ThirdParty:981 - CMSIS Pack Vendor :STMicroelectronics X-CUBE-ALS 1.0.1
2023-06-28 17:45:30,569 [INFO] ThirdParty:981 - CMSIS Pack Vendor :STMicroelectronics ThreadX 1.0.0
2023-06-28 17:45:30,569 [INFO] ThirdParty:981 - CMSIS Pack Vendor :STMicroelectronics X-CUBE-AZRTOS-WB 1.1.0
2023-06-28 17:45:30,569 [INFO] ThirdParty:981 - CMSIS Pack Vendor :STMicroelectronics X-CUBE-AZRTOS-WL 2.0.0
2023-06-28 17:45:30,569 [INFO] ThirdParty:981 - CMSIS Pack Vendor :SEGGER I-CUBE-embOS 1.3.1
2023-06-28 17:45:30,569 [INFO] ThirdParty:981 - CMSIS Pack Vendor :STMicroelectronics X-CUBE-AZRTOS-L5 1.0.0
2023-06-28 17:45:30,569 [INFO] ThirdParty:981 - CMSIS Pack Vendor :STMicroelectronics USB_DEVICE 1.0.0
2023-06-28 17:45:30,569 [INFO] ThirdParty:981 - CMSIS Pack Vendor :STMicroelectronics X-CUBE-EEPRMA1 3.1.1
2023-06-28 17:45:30,569 [INFO] ThirdParty:981 - CMSIS Pack Vendor :STMicroelectronics X-CUBE-AZRTOS-L4 2.0.0
2023-06-28 17:45:30,569 [INFO] ThirdParty:981 - CMSIS Pack Vendor :STMicroelectronics ThreadX 0.0.2
2023-06-28 17:45:30,569 [INFO] ThirdParty:981 - CMSIS Pack Vendor :WES I-CUBE-Cesium 1.3.0
2023-06-28 17:45:30,569 [INFO] ThirdParty:981 - CMSIS Pack Vendor :STMicroelectronics FP-ATR-ASTRA1 2.0.0
2023-06-28 17:45:30,569 [INFO] ThirdParty:981 - CMSIS Pack Vendor :STMicroelectronics lwIP 2.1.2
2023-06-28 17:45:30,569 [INFO] ThirdParty:981 - CMSIS Pack Vendor :STMicroelectronics X-CUBE-SFXS2LP1 4.0.0
2023-06-28 17:45:30,569 [INFO] ThirdParty:981 - CMSIS Pack Vendor :STMicroelectronics X-CUBE-BLE2 3.3.0
2023-06-28 17:45:30,569 [INFO] ThirdParty:981 - CMSIS Pack Vendor :STMicroelectronics X-CUBE-DISPLAY 2.2.0
2023-06-28 17:45:30,577 [INFO] ThirdParty:981 - CMSIS Pack Vendor :STMicroelectronics X-CUBE-TOF1 3.2.0
2023-06-28 17:45:30,577 [INFO] ThirdParty:981 - CMSIS Pack Vendor :STMicroelectronics PDM2PCM 3.2.0
2023-06-28 17:45:30,577 [INFO] ThirdParty:981 - CMSIS Pack Vendor :STMicroelectronics X-CUBE-AZRTOS-H7 3.0.0
2023-06-28 17:45:30,577 [INFO] ThirdParty:797 - exiting critical section [change project]
2023-06-28 17:45:31,655 [INFO] PinOutPanel:1468 - setPackage(No Configuration,No Configuration)
2023-06-28 17:45:31,659 [INFO] PinOutPanel:1468 - setPackage(STM32F411VETx,LQFP100)
2023-06-28 17:45:33,323 [INFO] UtilMem:74 - Before build in PCC Used Memory: 493692344 Bytes (634388480)
2023-06-28 17:45:35,920 [INFO] UtilMem:74 - After build in PCC Used Memory: 514541640 Bytes (634388480)
2023-06-28 17:45:36,016 [INFO] IPUIPlugin:79 - create IPUIPlugin
2023-06-28 17:45:36,016 [INFO] IPUIPlugin:79 - create IPUIPlugin
2023-06-28 17:45:36,016 [INFO] IPUIPlugin:79 - create IPUIPlugin
2023-06-28 17:45:36,016 [INFO] IPUIPlugin:79 - create IPUIPlugin
2023-06-28 17:45:36,016 [INFO] IPUIPlugin:79 - create IPUIPlugin
2023-06-28 17:45:36,016 [INFO] IPUIPlugin:79 - create IPUIPlugin
2023-06-28 17:45:36,048 [INFO] IPUIPlugin:79 - create IPUIPlugin
2023-06-28 17:45:36,048 [INFO] IPUIPlugin:79 - create IPUIPlugin
2023-06-28 17:45:36,048 [INFO] IPUIPlugin:79 - create IPUIPlugin
2023-06-28 17:45:36,048 [INFO] IPUIPlugin:79 - create IPUIPlugin
2023-06-28 17:45:36,048 [INFO] IPUIPlugin:79 - create IPUIPlugin
2023-06-28 17:45:36,048 [INFO] IPUIPlugin:79 - create IPUIPlugin
2023-06-28 17:45:36,048 [INFO] IPUIPlugin:79 - create IPUIPlugin
2023-06-28 17:45:36,048 [INFO] IPUIPlugin:79 - create IPUIPlugin
2023-06-28 17:45:36,048 [INFO] IPUIPlugin:79 - create IPUIPlugin
2023-06-28 17:45:36,048 [INFO] IPUIPlugin:79 - create IPUIPlugin
2023-06-28 17:45:36,048 [INFO] IPUIPlugin:79 - create IPUIPlugin
2023-06-28 17:45:36,048 [INFO] IPUIPlugin:79 - create IPUIPlugin
2023-06-28 17:45:36,048 [INFO] IPUIPlugin:79 - create IPUIPlugin
2023-06-28 17:45:36,056 [INFO] IPUIPlugin:79 - create IPUIPlugin
2023-06-28 17:45:36,056 [INFO] IPUIPlugin:79 - create IPUIPlugin
2023-06-28 17:45:36,056 [INFO] IPUIPlugin:79 - create IPUIPlugin
2023-06-28 17:45:36,056 [INFO] IPUIPlugin:79 - create IPUIPlugin
2023-06-28 17:45:36,056 [INFO] IPUIPlugin:79 - create IPUIPlugin
2023-06-28 17:45:36,056 [INFO] IPUIPlugin:79 - create IPUIPlugin
2023-06-28 17:45:36,056 [INFO] IPUIPlugin:79 - create IPUIPlugin
2023-06-28 17:45:36,056 [INFO] IPUIPlugin:79 - create IPUIPlugin
2023-06-28 17:45:36,056 [INFO] IPUIPlugin:79 - create IPUIPlugin
2023-06-28 17:45:36,056 [INFO] IPUIPlugin:79 - create IPUIPlugin
2023-06-28 17:45:36,056 [INFO] IPUIPlugin:79 - create IPUIPlugin
2023-06-28 17:45:36,056 [INFO] IPUIPlugin:79 - create IPUIPlugin
2023-06-28 17:45:36,064 [INFO] IPUIPlugin:79 - create IPUIPlugin
2023-06-28 17:45:36,064 [INFO] IPUIPlugin:79 - create IPUIPlugin
2023-06-28 17:45:36,064 [INFO] IPUIPlugin:79 - create IPUIPlugin
2023-06-28 17:45:36,064 [INFO] IPUIPlugin:79 - create IPUIPlugin
2023-06-28 17:45:36,064 [INFO] IPUIPlugin:79 - create IPUIPlugin
2023-06-28 17:45:36,064 [INFO] IPUIPlugin:79 - create IPUIPlugin
2023-06-28 17:45:36,064 [INFO] IPUIPlugin:79 - create IPUIPlugin
2023-06-28 17:45:36,064 [INFO] IPUIPlugin:79 - create IPUIPlugin
2023-06-28 17:45:36,064 [INFO] IPUIPlugin:79 - create IPUIPlugin
2023-06-28 17:45:36,064 [INFO] IPUIPlugin:79 - create IPUIPlugin
2023-06-28 17:45:36,072 [INFO] IPUIPlugin:79 - create IPUIPlugin
2023-06-28 17:45:36,072 [INFO] IPUIPlugin:79 - create IPUIPlugin
2023-06-28 17:45:36,240 [INFO] ApiDbMcu:505 - Load IP Config File for PDM2PCM
2023-06-28 17:45:36,272 [WARN] IP:2111 - I2C_Coeff_DF not found: check if there is a RefParameter without a condition.
2023-06-28 17:45:36,272 [WARN] IP:2111 - Analog_Filter not found: check if there is a RefParameter without a condition.
2023-06-28 17:45:36,927 [INFO] OpenFileManager:327 - Restore cursor
2023-06-28 17:45:37,576 [WARN] IP:2111 - I2C_Coeff_DF not found: check if there is a RefParameter without a condition.
2023-06-28 17:45:37,576 [WARN] IP:2111 - Analog_Filter not found: check if there is a RefParameter without a condition.
2023-06-28 17:45:37,584 [WARN] IP:2111 - I2C_Coeff_DF not found: check if there is a RefParameter without a condition.
2023-06-28 17:45:37,584 [WARN] IP:2111 - Analog_Filter not found: check if there is a RefParameter without a condition.
